Using pre-set license
Built from '2020.3/staging' branch; Version is '2020.3.9f1 (108be757e447) revision 1084391'; Using compiler version '192528614'; Build Type 'Release'
OS: 'Windows 10 Home Single Language; OS build 22000.978; Version 2009; 64bit' Language: 'tr' Physical Memory: 8077 MB
BatchMode: 1, IsHumanControllingUs: 0, StartBugReporterOnCrash: 0, Is64bit: 1, IsPro: 0

 COMMAND LINE ARGUMENTS:
C:\Program Files\Unity\Hub\Editor\2020.3.9f1\Editor\Unity.exe
-adb2
-batchMode
-noUpm
-name
AssetImportWorker0
-projectPath
C:/Users/Caner/Desktop/CanerDosya/EggSmashChallenge
-logFile
Logs/AssetImportWorker0.log
-srvPort
61020
Successfully changed project path to: C:/Users/Caner/Desktop/CanerDosya/EggSmashChallenge
C:/Users/Caner/Desktop/CanerDosya/EggSmashChallenge
Using Asset Import Pipeline V2.
Refreshing native plugins compatible for Editor in 26.45 ms, found 0 plugins.
Preloading 0 native plugins for Editor in 0.00 ms.
Initialize engine version: 2020.3.9f1 (108be757e447)
[Subsystems] Discovering subsystems at path C:/Program Files/Unity/Hub/Editor/2020.3.9f1/Editor/Data/Resources/UnitySubsystems
[Subsystems] Discovering subsystems at path C:/Users/Caner/Desktop/CanerDosya/EggSmashChallenge/Assets
GfxDevice: creating device client; threaded=0
Direct3D:
    Version:  Direct3D 11.0 [level 11.1]
    Renderer: Radeon(TM) 520 (ID=0x6660)
    Vendor:   
    VRAM:     2039 MB
    Driver:   22.19.128.3
Initialize mono
Mono path[0] = 'C:/Program Files/Unity/Hub/Editor/2020.3.9f1/Editor/Data/Managed'
Mono path[1] = 'C:/Program Files/Unity/Hub/Editor/2020.3.9f1/Editor/Data/MonoBleedingEdge/lib/mono/unityjit'
Mono config path = 'C:/Program Files/Unity/Hub/Editor/2020.3.9f1/Editor/Data/MonoBleedingEdge/etc'
Using monoOptions --debugger-agent=transport=dt_socket,embedding=1,server=y,suspend=n,address=127.0.0.1:56220
Begin MonoManager ReloadAssembly
Registering precompiled unity dll's ...
Register platform support module: C:/Program Files/Unity/Hub/Editor/2020.3.9f1/Editor/Data/PlaybackEngines/WebGLSupport/UnityEditor.WebGL.Extensions.dll
Register platform support module: C:/Program Files/Unity/Hub/Editor/2020.3.9f1/Editor/Data/PlaybackEngines/WindowsStandaloneSupport/UnityEditor.WindowsStandalone.Extensions.dll
Registered in 0.002903 seconds.
Native extension for WindowsStandalone target not found
Native extension for WebGL target not found
Refreshing native plugins compatible for Editor in 26.96 ms, found 0 plugins.
Preloading 0 native plugins for Editor in 0.00 ms.
Mono: successfully reloaded assembly
- Completed reload, in  2.823 seconds
Platform modules already initialized, skipping
Registering precompiled user dll's ...
Registered in 0.000932 seconds.
Begin MonoManager ReloadAssembly
Native extension for WindowsStandalone target not found
Native extension for WebGL target not found
Refreshing native plugins compatible for Editor in 0.20 ms, found 0 plugins.
Preloading 0 native plugins for Editor in 0.00 ms.
Mono: successfully reloaded assembly
- Completed reload, in  0.919 seconds
Platform modules already initialized, skipping
========================================================================
Worker process is ready to serve import requests
Launched and connected shader compiler UnityShaderCompiler.exe after 0.05 seconds
Refreshing native plugins compatible for Editor in 0.22 ms, found 0 plugins.
Preloading 0 native plugins for Editor in 0.00 ms.
Unloading 1124 Unused Serialized files (Serialized files now loaded: 0)
System memory in use before: 70.4 MB.
System memory in use after: 70.5 MB.

Unloading 10 unused Assets to reduce memory usage. Loaded Objects now: 1587.
Total: 2.076900 ms (FindLiveObjects: 0.230800 ms CreateObjectMapping: 0.043500 ms MarkObjects: 1.679300 ms  DeleteObjects: 0.122200 ms)

========================================================================
Received Import Request.
  path: Assets/Plugins/ScreenshotCompanion
  artifactKey: Guid(a4bd53a1eef71a140b790afbc1ff9e8b) Importer(815301076,1909f56bfc062723c751e8b465ee728b)
Start importing Assets/Plugins/ScreenshotCompanion using Guid(a4bd53a1eef71a140b790afbc1ff9e8b) Importer(815301076,1909f56bfc062723c751e8b465ee728b)  -> (artifact id: 'd770fabbae7d8672592acce49170338b') in 0.005301 seconds
  Import took 0.015453 seconds .

========================================================================
Received Import Request.
  Time since last request: 3.041072 seconds.
  path: Assets/Plugins/ScreenshotCompanion/README.md
  artifactKey: Guid(c4800cf928fa08a46a09f563e428845a) Importer(815301076,1909f56bfc062723c751e8b465ee728b)
Start importing Assets/Plugins/ScreenshotCompanion/README.md using Guid(c4800cf928fa08a46a09f563e428845a) Importer(815301076,1909f56bfc062723c751e8b465ee728b)  -> (artifact id: '9675e0a5921e0cb144d8b3a7d47f5283') in 0.044656 seconds
  Import took 0.048392 seconds .

========================================================================
Received Import Request.
  Time since last request: 2.188857 seconds.
  path: Assets/Plugins/ScreenshotCompanion/Prefabs
  artifactKey: Guid(8ce1b577593b56447a08ebc8f0c844b4) Importer(815301076,1909f56bfc062723c751e8b465ee728b)
Start importing Assets/Plugins/ScreenshotCompanion/Prefabs using Guid(8ce1b577593b56447a08ebc8f0c844b4) Importer(815301076,1909f56bfc062723c751e8b465ee728b)  -> (artifact id: 'bf355c25441cb75df6610655a0ee177f') in 0.006758 seconds
  Import took 0.017457 seconds .

========================================================================
Received Import Request.
  Time since last request: 0.036102 seconds.
  path: Assets/Plugins/ScreenshotCompanion/Prefabs/ScreenshotCompanion.prefab
  artifactKey: Guid(3e8cdb2d9a3264041936d8a30d8be2af) Importer(815301076,1909f56bfc062723c751e8b465ee728b)
Start importing Assets/Plugins/ScreenshotCompanion/Prefabs/ScreenshotCompanion.prefab using Guid(3e8cdb2d9a3264041936d8a30d8be2af) Importer(815301076,1909f56bfc062723c751e8b465ee728b)  -> (artifact id: 'e9dc7eed91bbf2b7851ac945c250014b') in 0.037135 seconds
  Import took 0.040959 seconds .

========================================================================
Received Import Request.
  Time since last request: 1.264793 seconds.
  path: Assets/Plugins/ScreenshotCompanion/Prefabs/ScreenshotCompanion.prefab
  artifactKey: Guid(3e8cdb2d9a3264041936d8a30d8be2af) Importer(815301076,1909f56bfc062723c751e8b465ee728b)
Start importing Assets/Plugins/ScreenshotCompanion/Prefabs/ScreenshotCompanion.prefab using Guid(3e8cdb2d9a3264041936d8a30d8be2af) Importer(815301076,1909f56bfc062723c751e8b465ee728b)  -> (artifact id: 'd7664c1567e59f22ba483011c9872dbd') in 0.005755 seconds
  Import took 0.008294 seconds .

========================================================================
Received Import Request.
  Time since last request: 19.623830 seconds.
  path: Assets/Plugins/ScreenshotCompanion/Prefabs/ScreenshotCompanion.prefab
  artifactKey: Guid(3e8cdb2d9a3264041936d8a30d8be2af) Importer(815301076,1909f56bfc062723c751e8b465ee728b)
Start importing Assets/Plugins/ScreenshotCompanion/Prefabs/ScreenshotCompanion.prefab using Guid(3e8cdb2d9a3264041936d8a30d8be2af) Importer(815301076,1909f56bfc062723c751e8b465ee728b)  -> (artifact id: '6f925efcd9103735c47d32a1fa9f7190') in 0.006849 seconds
  Import took 0.010438 seconds .

========================================================================
Received Import Request.
  Time since last request: 25.964029 seconds.
  path: Assets/Plugins/ScreenshotCompanion/Prefabs/ScreenshotCompanion.prefab
  artifactKey: Guid(3e8cdb2d9a3264041936d8a30d8be2af) Importer(815301076,1909f56bfc062723c751e8b465ee728b)
Start importing Assets/Plugins/ScreenshotCompanion/Prefabs/ScreenshotCompanion.prefab using Guid(3e8cdb2d9a3264041936d8a30d8be2af) Importer(815301076,1909f56bfc062723c751e8b465ee728b)  -> (artifact id: 'b8b3ddd59339ae1a20070be6639c1419') in 0.007709 seconds
  Import took 0.011875 seconds .

========================================================================
Received Import Request.
  Time since last request: 15.229378 seconds.
  path: Assets/Plugins/ScreenshotCompanion/Prefabs/ScreenshotCompanion.prefab
  artifactKey: Guid(3e8cdb2d9a3264041936d8a30d8be2af) Importer(815301076,1909f56bfc062723c751e8b465ee728b)
Start importing Assets/Plugins/ScreenshotCompanion/Prefabs/ScreenshotCompanion.prefab using Guid(3e8cdb2d9a3264041936d8a30d8be2af) Importer(815301076,1909f56bfc062723c751e8b465ee728b)  -> (artifact id: '3e0fbc884a5b2c22a4359001f693ca97') in 0.004690 seconds
  Import took 0.008144 seconds .

========================================================================
Received Import Request.
  Time since last request: 20.391723 seconds.
  path: Assets/Plugins/ScreenshotCompanion/Prefabs/ScreenshotCompanion.prefab
  artifactKey: Guid(3e8cdb2d9a3264041936d8a30d8be2af) Importer(815301076,1909f56bfc062723c751e8b465ee728b)
Start importing Assets/Plugins/ScreenshotCompanion/Prefabs/ScreenshotCompanion.prefab using Guid(3e8cdb2d9a3264041936d8a30d8be2af) Importer(815301076,1909f56bfc062723c751e8b465ee728b)  -> (artifact id: '976d299716951843b87c916e77af5cef') in 0.005701 seconds
  Import took 0.008136 seconds .

========================================================================
Received Prepare
Registering precompiled user dll's ...
Registered in 0.000950 seconds.
Begin MonoManager ReloadAssembly
Native extension for WindowsStandalone target not found
Native extension for WebGL target not found
Refreshing native plugins compatible for Editor in 0.42 ms, found 0 plugins.
Preloading 0 native plugins for Editor in 0.00 ms.
Mono: successfully reloaded assembly
- Completed reload, in  1.096 seconds
Platform modules already initialized, skipping
Switching build target platform(19) subTarget(0) extendedPlatform(0) -> platform(13) subTarget(537395200) extendedPlatform(0)
Refreshing native plugins compatible for Editor in 0.22 ms, found 0 plugins.
Preloading 0 native plugins for Editor in 0.00 ms.
Unloading 1122 Unused Serialized files (Serialized files now loaded: 0)
System memory in use before: 70.1 MB.
System memory in use after: 70.1 MB.

Unloading 5 unused Assets to reduce memory usage. Loaded Objects now: 1590.
Total: 2.171300 ms (FindLiveObjects: 0.169800 ms CreateObjectMapping: 0.036700 ms MarkObjects: 1.917500 ms  DeleteObjects: 0.046300 ms)

AssetImportParameters requested are different than current active one (requested -> active):
  custom:graphics/normal-map-encoding: 01000000000000000000000000000000 -> 02000000000000000000000000000000
========================================================================
Received Prepare
Registering precompiled user dll's ...
Registered in 0.000907 seconds.
Begin MonoManager ReloadAssembly
Native extension for WindowsStandalone target not found
Native extension for WebGL target not found
Refreshing native plugins compatible for Editor in 0.39 ms, found 0 plugins.
Preloading 0 native plugins for Editor in 0.00 ms.
Mono: successfully reloaded assembly
- Completed reload, in  1.050 seconds
Platform modules already initialized, skipping
Switching build target platform(19) subTarget(0) extendedPlatform(0) -> platform(13) subTarget(537395200) extendedPlatform(0)
Refreshing native plugins compatible for Editor in 0.27 ms, found 0 plugins.
Preloading 0 native plugins for Editor in 0.00 ms.
Unloading 1122 Unused Serialized files (Serialized files now loaded: 0)
System memory in use before: 70.1 MB.
System memory in use after: 70.2 MB.

Unloading 5 unused Assets to reduce memory usage. Loaded Objects now: 1593.
Total: 1.948200 ms (FindLiveObjects: 0.136400 ms CreateObjectMapping: 0.035800 ms MarkObjects: 1.681600 ms  DeleteObjects: 0.093500 ms)

AssetImportParameters requested are different than current active one (requested -> active):
  custom:graphics/normal-map-encoding: 01000000000000000000000000000000 -> 02000000000000000000000000000000
========================================================================
Received Prepare
Registering precompiled user dll's ...
Registered in 0.001050 seconds.
Begin MonoManager ReloadAssembly
Native extension for WindowsStandalone target not found
Native extension for WebGL target not found
Refreshing native plugins compatible for Editor in 0.46 ms, found 0 plugins.
Preloading 0 native plugins for Editor in 0.00 ms.
Mono: successfully reloaded assembly
- Completed reload, in  1.072 seconds
Platform modules already initialized, skipping
Switching build target platform(19) subTarget(0) extendedPlatform(0) -> platform(13) subTarget(537395200) extendedPlatform(0)
Refreshing native plugins compatible for Editor in 0.22 ms, found 0 plugins.
Preloading 0 native plugins for Editor in 0.00 ms.
Unloading 1122 Unused Serialized files (Serialized files now loaded: 0)
System memory in use before: 70.1 MB.
System memory in use after: 70.2 MB.

Unloading 5 unused Assets to reduce memory usage. Loaded Objects now: 1596.
Total: 2.078200 ms (FindLiveObjects: 0.184500 ms CreateObjectMapping: 0.034400 ms MarkObjects: 1.783100 ms  DeleteObjects: 0.074500 ms)

AssetImportParameters requested are different than current active one (requested -> active):
  custom:graphics/normal-map-encoding: 01000000000000000000000000000000 -> 02000000000000000000000000000000
AssetImportWorkerClient::OnTransportError - code=2 error=End of file
